Command line:
   entoles_se_mia_monada_isim_beh.exe
     -simmode  gui
     -simrunnum  0
     -socket  49965

Sat Dec 15 16:33:57 2018


 Elaboration Time: 0.608404 sec

 Current Memory Usage: 622.858 Meg

 Total Signals          : 50920
 Total Nets             : 11579
 Total Signal Drivers   : 10057
 Total Blocks           : 10642
 Total Primitive Blocks : 7522
 Total Processes        : 10031
 Total Traceable Variables  : 61
 Total Scalar Nets and Variables : 12126
Total Line Count : 12560

 Total Simulation Time: 0.826805 sec

 Current Memory Usage: 622.858 Meg

Sat Dec 15 16:50:57 2018

