Release 13.4 - xst O.87xd (nt64)
Copyright (c) 1995-2011 Xilinx, Inc.  All rights reserved.
--> Parameter TMPDIR set to xst/projnav.tmp


Total REAL time to Xst completion: 0.00 secs
Total CPU time to Xst completion: 0.11 secs
 
--> Parameter xsthdpdir set to xst


Total REAL time to Xst completion: 0.00 secs
Total CPU time to Xst completion: 0.11 secs
 
--> Reading design: reorder_buffer.prj

TABLE OF CONTENTS
  1) Synthesis Options Summary
  2) HDL Compilation
  3) Design Hierarchy Analysis
  4) HDL Analysis
  5) HDL Synthesis
     5.1) HDL Synthesis Report
  6) Advanced HDL Synthesis
     6.1) Advanced HDL Synthesis Report
  7) Low Level Synthesis
  8) Partition Report
  9) Final Report
	9.1) Device utilization summary
	9.2) Partition Resource Summary
	9.3) TIMING REPORT


=========================================================================
*                      Synthesis Options Summary                        *
=========================================================================
---- Source Parameters
Input File Name                    : "reorder_buffer.prj"
Input Format                       : mixed
Ignore Synthesis Constraint File   : NO

---- Target Parameters
Output File Name                   : "reorder_buffer"
Output Format                      : NGC
Target Device                      : xc3s1600e-5-fg320

---- Source Options
Top Module Name                    : reorder_buffer
Automatic FSM Extraction           : YES
FSM Encoding Algorithm             : Auto
Safe Implementation                : No
FSM Style                          : LUT
RAM Extraction                     : Yes
RAM Style                          : Auto
ROM Extraction                     : Yes
Mux Style                          : Auto
Decoder Extraction                 : YES
Priority Encoder Extraction        : Yes
Shift Register Extraction          : YES
Logical Shifter Extraction         : YES
XOR Collapsing                     : YES
ROM Style                          : Auto
Mux Extraction                     : Yes
Resource Sharing                   : YES
Asynchronous To Synchronous        : NO
Multiplier Style                   : Auto
Automatic Register Balancing       : No

---- Target Options
Add IO Buffers                     : YES
Global Maximum Fanout              : 100000
Add Generic Clock Buffer(BUFG)     : 24
Register Duplication               : YES
Slice Packing                      : YES
Optimize Instantiated Primitives   : NO
Use Clock Enable                   : Yes
Use Synchronous Set                : Yes
Use Synchronous Reset              : Yes
Pack IO Registers into IOBs        : Auto
Equivalent register Removal        : YES

---- General Options
Optimization Goal                  : Speed
Optimization Effort                : 1
Keep Hierarchy                     : No
Netlist Hierarchy                  : As_Optimized
RTL Output                         : Yes
Global Optimization                : AllClockNets
Read Cores                         : YES
Write Timing Constraints           : NO
Cross Clock Analysis               : NO
Hierarchy Separator                : /
Bus Delimiter                      : <>
Case Specifier                     : Maintain
Slice Utilization Ratio            : 100
BRAM Utilization Ratio             : 100
Verilog 2001                       : YES
Auto BRAM Packing                  : NO
Slice Utilization Ratio Delta      : 5

=========================================================================


=========================================================================
*                          HDL Compilation                              *
=========================================================================
Compiling vhdl file "C:/arxitektonikh1/HRY415-project-3/code/mux.vhd" in Library work.
Architecture behavioral of Entity mux is up to date.
Compiling vhdl file "C:/arxitektonikh1/HRY415-project-3/code/flipflop.vhd" in Library work.
Architecture behavioral of Entity flipflop is up to date.
Compiling vhdl file "C:/arxitektonikh1/HRY415-project-3/code/Reg1BitR.vhd" in Library work.
Architecture behavioral of Entity reg1bitr is up to date.
Compiling vhdl file "C:/arxitektonikh1/HRY415-project-3/code/Reg4BitR.vhd" in Library work.
Architecture behavioral of Entity reg4bitr is up to date.
Compiling vhdl file "C:/arxitektonikh1/HRY415-project-3/code/Reg5BitR.vhd" in Library work.
Architecture behavioral of Entity reg5bitr is up to date.
Compiling vhdl file "C:/arxitektonikh1/HRY415-project-3/code/Reg32BitR.vhd" in Library work.
Architecture structural of Entity reg32bitr is up to date.
Compiling vhdl file "C:/arxitektonikh1/HRY415-project-3/code/buffer_line.vhd" in Library work.
Architecture behavioral of Entity buffer_line is up to date.
Compiling vhdl file "C:/arxitektonikh1/HRY415-project-3/code/rob_control.vhd" in Library work.
Architecture behavioral of Entity rob_control is up to date.
Compiling vhdl file "C:/arxitektonikh1/HRY415-project-3/code/reorder_buffer.vhd" in Library work.
Entity <reorder_buffer> compiled.
Entity <reorder_buffer> (Architecture <behavioral>) compiled.

=========================================================================
*                     Design Hierarchy Analysis                         *
=========================================================================
Analyzing hierarchy for entity <reorder_buffer> in library <work> (architecture <behavioral>).

Analyzing hierarchy for entity <buffer_line> in library <work> (architecture <behavioral>).

Analyzing hierarchy for entity <rob_control> in library <work> (architecture <behavioral>).

Analyzing hierarchy for entity <Reg1BitR> in library <work> (architecture <behavioral>).

Analyzing hierarchy for entity <Reg5BitR> in library <work> (architecture <behavioral>).

Analyzing hierarchy for entity <Reg32BitR> in library <work> (architecture <structural>).

Analyzing hierarchy for entity <mux> in library <work> (architecture <behavioral>).

Analyzing hierarchy for entity <flipflop> in library <work> (architecture <behavioral>).

Analyzing hierarchy for entity <Reg1BitR> in library <work> (architecture <behavioral>).

Analyzing hierarchy for entity <Reg4BitR> in library <work> (architecture <behavioral>).

Analyzing hierarchy for entity <mux> in library <work> (architecture <behavioral>).

Analyzing hierarchy for entity <flipflop> in library <work> (architecture <behavioral>).

Analyzing hierarchy for entity <Reg1BitR> in library <work> (architecture <behavioral>).

Analyzing hierarchy for entity <mux> in library <work> (architecture <behavioral>).

Analyzing hierarchy for entity <flipflop> in library <work> (architecture <behavioral>).


=========================================================================
*                            HDL Analysis                               *
=========================================================================
Analyzing Entity <reorder_buffer> in library <work> (Architecture <behavioral>).
Entity <reorder_buffer> analyzed. Unit <reorder_buffer> generated.

Analyzing Entity <buffer_line> in library <work> (Architecture <behavioral>).
Entity <buffer_line> analyzed. Unit <buffer_line> generated.

Analyzing Entity <Reg1BitR> in library <work> (Architecture <behavioral>).
Entity <Reg1BitR> analyzed. Unit <Reg1BitR> generated.

Analyzing Entity <mux> in library <work> (Architecture <behavioral>).
Entity <mux> analyzed. Unit <mux> generated.

Analyzing Entity <flipflop> in library <work> (Architecture <behavioral>).
Entity <flipflop> analyzed. Unit <flipflop> generated.

Analyzing Entity <Reg5BitR> in library <work> (Architecture <behavioral>).
Entity <Reg5BitR> analyzed. Unit <Reg5BitR> generated.

Analyzing Entity <Reg32BitR> in library <work> (Architecture <structural>).
Entity <Reg32BitR> analyzed. Unit <Reg32BitR> generated.

Analyzing Entity <Reg4BitR> in library <work> (Architecture <behavioral>).
Entity <Reg4BitR> analyzed. Unit <Reg4BitR> generated.

Analyzing Entity <rob_control> in library <work> (Architecture <behavioral>).
INFO:Xst:2679 - Register <issue> in unit <rob_control> has a constant value of 00000000 during circuit operation. The register is replaced by logic.
Entity <rob_control> analyzed. Unit <rob_control> generated.


=========================================================================
*                           HDL Synthesis                               *
=========================================================================

Performing bidirectional port resolution...

Synthesizing Unit <rob_control>.
    Related source file is "C:/arxitektonikh1/HRY415-project-3/code/rob_control.vhd".
WARNING:Xst:1305 - Output <V_commit> is never assigned. Tied to value 0.
WARNING:Xst:1305 - Output <exception_control> is never assigned. Tied to value 00000000.
WARNING:Xst:1305 - Output <exception_valid> is never assigned. Tied to value 0.
WARNING:Xst:1305 - Output <commit_sel> is never assigned. Tied to value 000.
WARNING:Xst:1305 - Output <forward_sel_j> is never assigned. Tied to value 000.
WARNING:Xst:1305 - Output <forward_sel_k> is never assigned. Tied to value 000.
WARNING:Xst:1305 - Output <forward_control_j> is never assigned. Tied to value 0.
WARNING:Xst:1305 - Output <forward_control_k> is never assigned. Tied to value 0.
WARNING:Xst:647 - Input <Rj> is never used. This port will be preserved and left unconnected if it belongs to a top-level block or it belongs to a sub-block and the hierarchy of this sub-block is preserved.
WARNING:Xst:647 - Input <exception_status> is never used. This port will be preserved and left unconnected if it belongs to a top-level block or it belongs to a sub-block and the hierarchy of this sub-block is preserved.
WARNING:Xst:647 - Input <Rk> is never used. This port will be preserved and left unconnected if it belongs to a top-level block or it belongs to a sub-block and the hierarchy of this sub-block is preserved.
WARNING:Xst:647 - Input <fop> is never used. This port will be preserved and left unconnected if it belongs to a top-level block or it belongs to a sub-block and the hierarchy of this sub-block is preserved.
WARNING:Xst:647 - Input <done> is never used. This port will be preserved and left unconnected if it belongs to a top-level block or it belongs to a sub-block and the hierarchy of this sub-block is preserved.
WARNING:Xst:647 - Input <k_flags> is never used. This port will be preserved and left unconnected if it belongs to a top-level block or it belongs to a sub-block and the hierarchy of this sub-block is preserved.
WARNING:Xst:1305 - Output <exception_sel> is never assigned. Tied to value 000.
WARNING:Xst:647 - Input <instr_valid> is never used. This port will be preserved and left unconnected if it belongs to a top-level block or it belongs to a sub-block and the hierarchy of this sub-block is preserved.
WARNING:Xst:647 - Input <j_flags> is never used. This port will be preserved and left unconnected if it belongs to a top-level block or it belongs to a sub-block and the hierarchy of this sub-block is preserved.
WARNING:Xst:646 - Signal <heada<7>> is assigned but never used. This unconnected signal will be trimmed during the optimization process.
WARNING:Xst:653 - Signal <head_rotate_control> is used but never assigned. This sourceless signal will be automatically connected to value 0.
WARNING:Xst:653 - Signal <delete_exception> is used but never assigned. This sourceless signal will be automatically connected to value 00000000.
WARNING:Xst:653 - Signal <delete_commit> is used but never assigned. This sourceless signal will be automatically connected to value 00000000.
    Found 8-bit register for signal <head>.
    Summary:
	inferred   8 D-type flip-flop(s).
Unit <rob_control> synthesized.


Synthesizing Unit <mux>.
    Related source file is "C:/arxitektonikh1/HRY415-project-3/code/mux.vhd".
Unit <mux> synthesized.


Synthesizing Unit <flipflop>.
    Related source file is "C:/arxitektonikh1/HRY415-project-3/code/flipflop.vhd".
    Found 1-bit register for signal <q>.
    Summary:
	inferred   1 D-type flip-flop(s).
Unit <flipflop> synthesized.


Synthesizing Unit <Reg1BitR>.
    Related source file is "C:/arxitektonikh1/HRY415-project-3/code/Reg1BitR.vhd".
Unit <Reg1BitR> synthesized.


Synthesizing Unit <Reg5BitR>.
    Related source file is "C:/arxitektonikh1/HRY415-project-3/code/Reg5BitR.vhd".
Unit <Reg5BitR> synthesized.


Synthesizing Unit <Reg4BitR>.
    Related source file is "C:/arxitektonikh1/HRY415-project-3/code/Reg4BitR.vhd".
Unit <Reg4BitR> synthesized.


Synthesizing Unit <Reg32BitR>.
    Related source file is "C:/arxitektonikh1/HRY415-project-3/code/Reg32BitR.vhd".
Unit <Reg32BitR> synthesized.


Synthesizing Unit <buffer_line>.
    Related source file is "C:/arxitektonikh1/HRY415-project-3/code/buffer_line.vhd".
    Found 1-bit xor2 for signal <j_equal$xor0000>.
    Found 1-bit xor2 for signal <j_equal$xor0001>.
    Found 1-bit xor2 for signal <j_equal$xor0002>.
    Found 1-bit xor2 for signal <j_equal$xor0003>.
    Found 1-bit xor2 for signal <j_equal$xor0004>.
    Found 1-bit xor2 for signal <k_equal$xor0000>.
    Found 1-bit xor2 for signal <k_equal$xor0001>.
    Found 1-bit xor2 for signal <k_equal$xor0002>.
    Found 1-bit xor2 for signal <k_equal$xor0003>.
    Found 1-bit xor2 for signal <k_equal$xor0004>.
    Found 1-bit xor2 for signal <tag_match_Q$xor0000>.
    Found 1-bit xor2 for signal <tag_match_Q$xor0001>.
    Found 1-bit xor2 for signal <tag_match_Q$xor0002>.
    Found 1-bit xor2 for signal <tag_match_Q$xor0003>.
    Found 1-bit xor2 for signal <tag_match_Q$xor0004>.
Unit <buffer_line> synthesized.


Synthesizing Unit <reorder_buffer>.
    Related source file is "C:/arxitektonikh1/HRY415-project-3/code/reorder_buffer.vhd".
    Found 32-bit 8-to-1 multiplexer for signal <forward_data_j>.
    Found 32-bit 8-to-1 multiplexer for signal <forward_data_k>.
    Found 5-bit 8-to-1 multiplexer for signal <commit_reg>.
    Found 32-bit 8-to-1 multiplexer for signal <commit_data>.
    Found 32-bit 8-to-1 multiplexer for signal <PC_exception>.
    Summary:
	inferred 133 Multiplexer(s).
Unit <reorder_buffer> synthesized.


=========================================================================
HDL Synthesis Report

Macro Statistics
# Registers                                            : 593
 1-bit register                                        : 592
 8-bit register                                        : 1
# Multiplexers                                         : 5
 32-bit 8-to-1 multiplexer                             : 4
 5-bit 8-to-1 multiplexer                              : 1
# Xors                                                 : 120
 1-bit xor2                                            : 120

=========================================================================

=========================================================================
*                       Advanced HDL Synthesis                          *
=========================================================================

WARNING:Xst:1290 - Hierarchical block <Fu_type0> is unconnected in block <gen[0].buffer_line>.
   It will be removed from the design.
WARNING:Xst:1290 - Hierarchical block <Fu_type1> is unconnected in block <gen[0].buffer_line>.
   It will be removed from the design.
WARNING:Xst:1290 - Hierarchical block <exception_reg> is unconnected in block <gen[0].buffer_line>.
   It will be removed from the design.
WARNING:Xst:1290 - Hierarchical block <Fu_type0> is unconnected in block <gen[1].buffer_line>.
   It will be removed from the design.
WARNING:Xst:1290 - Hierarchical block <Fu_type1> is unconnected in block <gen[1].buffer_line>.
   It will be removed from the design.
WARNING:Xst:1290 - Hierarchical block <exception_reg> is unconnected in block <gen[1].buffer_line>.
   It will be removed from the design.
WARNING:Xst:1290 - Hierarchical block <Fu_type0> is unconnected in block <gen[2].buffer_line>.
   It will be removed from the design.
WARNING:Xst:1290 - Hierarchical block <Fu_type1> is unconnected in block <gen[2].buffer_line>.
   It will be removed from the design.
WARNING:Xst:1290 - Hierarchical block <exception_reg> is unconnected in block <gen[2].buffer_line>.
   It will be removed from the design.
WARNING:Xst:1290 - Hierarchical block <Fu_type0> is unconnected in block <gen[3].buffer_line>.
   It will be removed from the design.
WARNING:Xst:1290 - Hierarchical block <Fu_type1> is unconnected in block <gen[3].buffer_line>.
   It will be removed from the design.
WARNING:Xst:1290 - Hierarchical block <exception_reg> is unconnected in block <gen[3].buffer_line>.
   It will be removed from the design.
WARNING:Xst:1290 - Hierarchical block <Fu_type0> is unconnected in block <gen[4].buffer_line>.
   It will be removed from the design.
WARNING:Xst:1290 - Hierarchical block <Fu_type1> is unconnected in block <gen[4].buffer_line>.
   It will be removed from the design.
WARNING:Xst:1290 - Hierarchical block <exception_reg> is unconnected in block <gen[4].buffer_line>.
   It will be removed from the design.
WARNING:Xst:1290 - Hierarchical block <Fu_type0> is unconnected in block <gen[5].buffer_line>.
   It will be removed from the design.
WARNING:Xst:1290 - Hierarchical block <Fu_type1> is unconnected in block <gen[5].buffer_line>.
   It will be removed from the design.
WARNING:Xst:1290 - Hierarchical block <exception_reg> is unconnected in block <gen[5].buffer_line>.
   It will be removed from the design.
WARNING:Xst:1290 - Hierarchical block <Fu_type0> is unconnected in block <gen[6].buffer_line>.
   It will be removed from the design.
WARNING:Xst:1290 - Hierarchical block <Fu_type1> is unconnected in block <gen[6].buffer_line>.
   It will be removed from the design.
WARNING:Xst:1290 - Hierarchical block <exception_reg> is unconnected in block <gen[6].buffer_line>.
   It will be removed from the design.
WARNING:Xst:1290 - Hierarchical block <Fu_type0> is unconnected in block <gen[7].buffer_line>.
   It will be removed from the design.
WARNING:Xst:1290 - Hierarchical block <Fu_type1> is unconnected in block <gen[7].buffer_line>.
   It will be removed from the design.
WARNING:Xst:1290 - Hierarchical block <exception_reg> is unconnected in block <gen[7].buffer_line>.
   It will be removed from the design.

=========================================================================
Advanced HDL Synthesis Report

Macro Statistics
# Registers                                            : 592
 Flip-Flops                                            : 592
# Multiplexers                                         : 5
 32-bit 8-to-1 multiplexer                             : 4
 5-bit 8-to-1 multiplexer                              : 1
# Xors                                                 : 120
 1-bit xor2                                            : 120

=========================================================================

=========================================================================
*                         Low Level Synthesis                           *
=========================================================================
WARNING:Xst:2677 - Node <gen[7].buffer_line/Fu_type0/flipflop0/q> of sequential type is unconnected in block <reorder_buffer>.
WARNING:Xst:2677 - Node <gen[7].buffer_line/Fu_type1/flipflop0/q> of sequential type is unconnected in block <reorder_buffer>.
WARNING:Xst:2677 - Node <gen[7].buffer_line/exception_reg/flipflop0/q> of sequential type is unconnected in block <reorder_buffer>.
WARNING:Xst:2677 - Node <gen[6].buffer_line/Fu_type0/flipflop0/q> of sequential type is unconnected in block <reorder_buffer>.
WARNING:Xst:2677 - Node <gen[6].buffer_line/Fu_type1/flipflop0/q> of sequential type is unconnected in block <reorder_buffer>.
WARNING:Xst:2677 - Node <gen[6].buffer_line/exception_reg/flipflop0/q> of sequential type is unconnected in block <reorder_buffer>.
WARNING:Xst:2677 - Node <gen[5].buffer_line/Fu_type0/flipflop0/q> of sequential type is unconnected in block <reorder_buffer>.
WARNING:Xst:2677 - Node <gen[5].buffer_line/Fu_type1/flipflop0/q> of sequential type is unconnected in block <reorder_buffer>.
WARNING:Xst:2677 - Node <gen[5].buffer_line/exception_reg/flipflop0/q> of sequential type is unconnected in block <reorder_buffer>.
WARNING:Xst:2677 - Node <gen[4].buffer_line/Fu_type0/flipflop0/q> of sequential type is unconnected in block <reorder_buffer>.
WARNING:Xst:2677 - Node <gen[4].buffer_line/Fu_type1/flipflop0/q> of sequential type is unconnected in block <reorder_buffer>.
WARNING:Xst:2677 - Node <gen[4].buffer_line/exception_reg/flipflop0/q> of sequential type is unconnected in block <reorder_buffer>.
WARNING:Xst:2677 - Node <gen[3].buffer_line/Fu_type0/flipflop0/q> of sequential type is unconnected in block <reorder_buffer>.
WARNING:Xst:2677 - Node <gen[3].buffer_line/Fu_type1/flipflop0/q> of sequential type is unconnected in block <reorder_buffer>.
WARNING:Xst:2677 - Node <gen[3].buffer_line/exception_reg/flipflop0/q> of sequential type is unconnected in block <reorder_buffer>.
WARNING:Xst:2677 - Node <gen[2].buffer_line/Fu_type0/flipflop0/q> of sequential type is unconnected in block <reorder_buffer>.
WARNING:Xst:2677 - Node <gen[2].buffer_line/Fu_type1/flipflop0/q> of sequential type is unconnected in block <reorder_buffer>.
WARNING:Xst:2677 - Node <gen[2].buffer_line/exception_reg/flipflop0/q> of sequential type is unconnected in block <reorder_buffer>.
WARNING:Xst:2677 - Node <gen[1].buffer_line/Fu_type0/flipflop0/q> of sequential type is unconnected in block <reorder_buffer>.
WARNING:Xst:2677 - Node <gen[1].buffer_line/Fu_type1/flipflop0/q> of sequential type is unconnected in block <reorder_buffer>.
WARNING:Xst:2677 - Node <gen[1].buffer_line/exception_reg/flipflop0/q> of sequential type is unconnected in block <reorder_buffer>.
WARNING:Xst:2677 - Node <gen[0].buffer_line/Fu_type0/flipflop0/q> of sequential type is unconnected in block <reorder_buffer>.
WARNING:Xst:2677 - Node <gen[0].buffer_line/Fu_type1/flipflop0/q> of sequential type is unconnected in block <reorder_buffer>.
WARNING:Xst:2677 - Node <gen[0].buffer_line/exception_reg/flipflop0/q> of sequential type is unconnected in block <reorder_buffer>.
WARNING:Xst:1293 - FF/Latch <gen[3].buffer_line/Ri_reg/Reg1BitR0/flipflop0/q> has a constant value of 0 in block <reorder_buffer>. This FF/Latch will be trimmed during the optimization process.
WARNING:Xst:1896 - Due to other FF/Latch trimming, FF/Latch <gen[3].buffer_line/Ri_reg/Reg1BitR1/flipflop0/q> has a constant value of 0 in block <reorder_buffer>. This FF/Latch will be trimmed during the optimization process.
WARNING:Xst:1896 - Due to other FF/Latch trimming, FF/Latch <gen[3].buffer_line/Ri_reg/Reg1BitR2/flipflop0/q> has a constant value of 0 in block <reorder_buffer>. This FF/Latch will be trimmed during the optimization process.
WARNING:Xst:1896 - Due to other FF/Latch trimming, FF/Latch <gen[3].buffer_line/Ri_reg/Reg1BitR3/flipflop0/q> has a constant value of 0 in block <reorder_buffer>. This FF/Latch will be trimmed during the optimization process.
WARNING:Xst:1896 - Due to other FF/Latch trimming, FF/Latch <gen[3].buffer_line/Ri_reg/Reg1BitR4/flipflop0/q> has a constant value of 0 in block <reorder_buffer>. This FF/Latch will be trimmed during the optimization process.
WARNING:Xst:1896 - Due to other FF/Latch trimming, FF/Latch <gen[3].buffer_line/valid_reg/flipflop0/q> has a constant value of 0 in block <reorder_buffer>. This FF/Latch will be trimmed during the optimization process.
WARNING:Xst:1896 - Due to other FF/Latch trimming, FF/Latch <gen[2].buffer_line/Ri_reg/Reg1BitR0/flipflop0/q> has a constant value of 0 in block <reorder_buffer>. This FF/Latch will be trimmed during the optimization process.
WARNING:Xst:1896 - Due to other FF/Latch trimming, FF/Latch <gen[2].buffer_line/Ri_reg/Reg1BitR1/flipflop0/q> has a constant value of 0 in block <reorder_buffer>. This FF/Latch will be trimmed during the optimization process.
WARNING:Xst:1896 - Due to other FF/Latch trimming, FF/Latch <gen[2].buffer_line/Ri_reg/Reg1BitR2/flipflop0/q> has a constant value of 0 in block <reorder_buffer>. This FF/Latch will be trimmed during the optimization process.
WARNING:Xst:1896 - Due to other FF/Latch trimming, FF/Latch <gen[2].buffer_line/Ri_reg/Reg1BitR3/flipflop0/q> has a constant value of 0 in block <reorder_buffer>. This FF/Latch will be trimmed during the optimization process.
WARNING:Xst:1896 - Due to other FF/Latch trimming, FF/Latch <gen[2].buffer_line/Ri_reg/Reg1BitR4/flipflop0/q> has a constant value of 0 in block <reorder_buffer>. This FF/Latch will be trimmed during the optimization process.
WARNING:Xst:1896 - Due to other FF/Latch trimming, FF/Latch <gen[2].buffer_line/valid_reg/flipflop0/q> has a constant value of 0 in block <reorder_buffer>. This FF/Latch will be trimmed during the optimization process.
WARNING:Xst:1896 - Due to other FF/Latch trimming, FF/Latch <gen[1].buffer_line/Ri_reg/Reg1BitR0/flipflop0/q> has a constant value of 0 in block <reorder_buffer>. This FF/Latch will be trimmed during the optimization process.
WARNING:Xst:1896 - Due to other FF/Latch trimming, FF/Latch <gen[1].buffer_line/Ri_reg/Reg1BitR1/flipflop0/q> has a constant value of 0 in block <reorder_buffer>. This FF/Latch will be trimmed during the optimization process.
WARNING:Xst:1896 - Due to other FF/Latch trimming, FF/Latch <gen[1].buffer_line/Ri_reg/Reg1BitR2/flipflop0/q> has a constant value of 0 in block <reorder_buffer>. This FF/Latch will be trimmed during the optimization process.
WARNING:Xst:1896 - Due to other FF/Latch trimming, FF/Latch <gen[1].buffer_line/Ri_reg/Reg1BitR3/flipflop0/q> has a constant value of 0 in block <reorder_buffer>. This FF/Latch will be trimmed during the optimization process.
WARNING:Xst:1896 - Due to other FF/Latch trimming, FF/Latch <gen[1].buffer_line/Ri_reg/Reg1BitR4/flipflop0/q> has a constant value of 0 in block <reorder_buffer>. This FF/Latch will be trimmed during the optimization process.
WARNING:Xst:1896 - Due to other FF/Latch trimming, FF/Latch <gen[1].buffer_line/valid_reg/flipflop0/q> has a constant value of 0 in block <reorder_buffer>. This FF/Latch will be trimmed during the optimization process.
WARNING:Xst:1896 - Due to other FF/Latch trimming, FF/Latch <gen[0].buffer_line/Ri_reg/Reg1BitR0/flipflop0/q> has a constant value of 0 in block <reorder_buffer>. This FF/Latch will be trimmed during the optimization process.
WARNING:Xst:1896 - Due to other FF/Latch trimming, FF/Latch <gen[0].buffer_line/Ri_reg/Reg1BitR1/flipflop0/q> has a constant value of 0 in block <reorder_buffer>. This FF/Latch will be trimmed during the optimization process.
WARNING:Xst:1896 - Due to other FF/Latch trimming, FF/Latch <gen[0].buffer_line/Ri_reg/Reg1BitR2/flipflop0/q> has a constant value of 0 in block <reorder_buffer>. This FF/Latch will be trimmed during the optimization process.
WARNING:Xst:1896 - Due to other FF/Latch trimming, FF/Latch <gen[0].buffer_line/Ri_reg/Reg1BitR3/flipflop0/q> has a constant value of 0 in block <reorder_buffer>. This FF/Latch will be trimmed during the optimization process.
WARNING:Xst:1896 - Due to other FF/Latch trimming, FF/Latch <gen[0].buffer_line/Ri_reg/Reg1BitR4/flipflop0/q> has a constant value of 0 in block <reorder_buffer>. This FF/Latch will be trimmed during the optimization process.
WARNING:Xst:1896 - Due to other FF/Latch trimming, FF/Latch <gen[0].buffer_line/valid_reg/flipflop0/q> has a constant value of 0 in block <reorder_buffer>. This FF/Latch will be trimmed during the optimization process.
WARNING:Xst:1896 - Due to other FF/Latch trimming, FF/Latch <gen[7].buffer_line/Ri_reg/Reg1BitR0/flipflop0/q> has a constant value of 0 in block <reorder_buffer>. This FF/Latch will be trimmed during the optimization process.
WARNING:Xst:1896 - Due to other FF/Latch trimming, FF/Latch <gen[7].buffer_line/Ri_reg/Reg1BitR1/flipflop0/q> has a constant value of 0 in block <reorder_buffer>. This FF/Latch will be trimmed during the optimization process.
WARNING:Xst:1896 - Due to other FF/Latch trimming, FF/Latch <gen[7].buffer_line/Ri_reg/Reg1BitR2/flipflop0/q> has a constant value of 0 in block <reorder_buffer>. This FF/Latch will be trimmed during the optimization process.
WARNING:Xst:1896 - Due to other FF/Latch trimming, FF/Latch <gen[7].buffer_line/Ri_reg/Reg1BitR3/flipflop0/q> has a constant value of 0 in block <reorder_buffer>. This FF/Latch will be trimmed during the optimization process.
WARNING:Xst:1896 - Due to other FF/Latch trimming, FF/Latch <gen[7].buffer_line/Ri_reg/Reg1BitR4/flipflop0/q> has a constant value of 0 in block <reorder_buffer>. This FF/Latch will be trimmed during the optimization process.
WARNING:Xst:1896 - Due to other FF/Latch trimming, FF/Latch <gen[7].buffer_line/valid_reg/flipflop0/q> has a constant value of 0 in block <reorder_buffer>. This FF/Latch will be trimmed during the optimization process.
WARNING:Xst:1896 - Due to other FF/Latch trimming, FF/Latch <gen[6].buffer_line/Ri_reg/Reg1BitR0/flipflop0/q> has a constant value of 0 in block <reorder_buffer>. This FF/Latch will be trimmed during the optimization process.
WARNING:Xst:1896 - Due to other FF/Latch trimming, FF/Latch <gen[6].buffer_line/Ri_reg/Reg1BitR1/flipflop0/q> has a constant value of 0 in block <reorder_buffer>. This FF/Latch will be trimmed during the optimization process.
WARNING:Xst:1896 - Due to other FF/Latch trimming, FF/Latch <gen[6].buffer_line/Ri_reg/Reg1BitR2/flipflop0/q> has a constant value of 0 in block <reorder_buffer>. This FF/Latch will be trimmed during the optimization process.
WARNING:Xst:1896 - Due to other FF/Latch trimming, FF/Latch <gen[6].buffer_line/Ri_reg/Reg1BitR3/flipflop0/q> has a constant value of 0 in block <reorder_buffer>. This FF/Latch will be trimmed during the optimization process.
WARNING:Xst:1896 - Due to other FF/Latch trimming, FF/Latch <gen[6].buffer_line/Ri_reg/Reg1BitR4/flipflop0/q> has a constant value of 0 in block <reorder_buffer>. This FF/Latch will be trimmed during the optimization process.
WARNING:Xst:1896 - Due to other FF/Latch trimming, FF/Latch <gen[6].buffer_line/valid_reg/flipflop0/q> has a constant value of 0 in block <reorder_buffer>. This FF/Latch will be trimmed during the optimization process.
WARNING:Xst:1896 - Due to other FF/Latch trimming, FF/Latch <gen[5].buffer_line/Ri_reg/Reg1BitR0/flipflop0/q> has a constant value of 0 in block <reorder_buffer>. This FF/Latch will be trimmed during the optimization process.
WARNING:Xst:1896 - Due to other FF/Latch trimming, FF/Latch <gen[5].buffer_line/Ri_reg/Reg1BitR1/flipflop0/q> has a constant value of 0 in block <reorder_buffer>. This FF/Latch will be trimmed during the optimization process.
WARNING:Xst:1896 - Due to other FF/Latch trimming, FF/Latch <gen[5].buffer_line/Ri_reg/Reg1BitR2/flipflop0/q> has a constant value of 0 in block <reorder_buffer>. This FF/Latch will be trimmed during the optimization process.
WARNING:Xst:1896 - Due to other FF/Latch trimming, FF/Latch <gen[5].buffer_line/Ri_reg/Reg1BitR3/flipflop0/q> has a constant value of 0 in block <reorder_buffer>. This FF/Latch will be trimmed during the optimization process.
WARNING:Xst:1896 - Due to other FF/Latch trimming, FF/Latch <gen[5].buffer_line/Ri_reg/Reg1BitR4/flipflop0/q> has a constant value of 0 in block <reorder_buffer>. This FF/Latch will be trimmed during the optimization process.
WARNING:Xst:1896 - Due to other FF/Latch trimming, FF/Latch <gen[5].buffer_line/valid_reg/flipflop0/q> has a constant value of 0 in block <reorder_buffer>. This FF/Latch will be trimmed during the optimization process.
WARNING:Xst:1896 - Due to other FF/Latch trimming, FF/Latch <gen[4].buffer_line/Ri_reg/Reg1BitR0/flipflop0/q> has a constant value of 0 in block <reorder_buffer>. This FF/Latch will be trimmed during the optimization process.
WARNING:Xst:1896 - Due to other FF/Latch trimming, FF/Latch <gen[4].buffer_line/Ri_reg/Reg1BitR1/flipflop0/q> has a constant value of 0 in block <reorder_buffer>. This FF/Latch will be trimmed during the optimization process.
WARNING:Xst:1896 - Due to other FF/Latch trimming, FF/Latch <gen[4].buffer_line/Ri_reg/Reg1BitR2/flipflop0/q> has a constant value of 0 in block <reorder_buffer>. This FF/Latch will be trimmed during the optimization process.
WARNING:Xst:1896 - Due to other FF/Latch trimming, FF/Latch <gen[4].buffer_line/Ri_reg/Reg1BitR3/flipflop0/q> has a constant value of 0 in block <reorder_buffer>. This FF/Latch will be trimmed during the optimization process.
WARNING:Xst:1896 - Due to other FF/Latch trimming, FF/Latch <gen[4].buffer_line/Ri_reg/Reg1BitR4/flipflop0/q> has a constant value of 0 in block <reorder_buffer>. This FF/Latch will be trimmed during the optimization process.
WARNING:Xst:1896 - Due to other FF/Latch trimming, FF/Latch <gen[4].buffer_line/valid_reg/flipflop0/q> has a constant value of 0 in block <reorder_buffer>. This FF/Latch will be trimmed during the optimization process.
WARNING:Xst:1898 - Due to constant pushing, FF/Latch <gen[7].buffer_line/done_reg/flipflop0/q> is unconnected in block <reorder_buffer>.
WARNING:Xst:1898 - Due to constant pushing, FF/Latch <gen[6].buffer_line/done_reg/flipflop0/q> is unconnected in block <reorder_buffer>.
WARNING:Xst:1898 - Due to constant pushing, FF/Latch <gen[5].buffer_line/done_reg/flipflop0/q> is unconnected in block <reorder_buffer>.
WARNING:Xst:1898 - Due to constant pushing, FF/Latch <gen[4].buffer_line/done_reg/flipflop0/q> is unconnected in block <reorder_buffer>.
WARNING:Xst:1898 - Due to constant pushing, FF/Latch <gen[3].buffer_line/done_reg/flipflop0/q> is unconnected in block <reorder_buffer>.
WARNING:Xst:1898 - Due to constant pushing, FF/Latch <gen[2].buffer_line/done_reg/flipflop0/q> is unconnected in block <reorder_buffer>.
WARNING:Xst:1898 - Due to constant pushing, FF/Latch <gen[1].buffer_line/done_reg/flipflop0/q> is unconnected in block <reorder_buffer>.
WARNING:Xst:1898 - Due to constant pushing, FF/Latch <gen[0].buffer_line/done_reg/flipflop0/q> is unconnected in block <reorder_buffer>.
WARNING:Xst:1989 - Unit <reorder_buffer>: instances <gen[7].buffer_line/PC_reg>, <gen[6].buffer_line/PC_reg> of unit <Reg32BitR> are equivalent, second instance is removed
WARNING:Xst:1989 - Unit <reorder_buffer>: instances <gen[7].buffer_line/PC_reg>, <gen[5].buffer_line/PC_reg> of unit <Reg32BitR> are equivalent, second instance is removed
WARNING:Xst:1989 - Unit <reorder_buffer>: instances <gen[7].buffer_line/PC_reg>, <gen[4].buffer_line/PC_reg> of unit <Reg32BitR> are equivalent, second instance is removed
WARNING:Xst:1989 - Unit <reorder_buffer>: instances <gen[7].buffer_line/PC_reg>, <gen[3].buffer_line/PC_reg> of unit <Reg32BitR> are equivalent, second instance is removed
WARNING:Xst:1989 - Unit <reorder_buffer>: instances <gen[7].buffer_line/PC_reg>, <gen[2].buffer_line/PC_reg> of unit <Reg32BitR> are equivalent, second instance is removed
WARNING:Xst:1989 - Unit <reorder_buffer>: instances <gen[7].buffer_line/PC_reg>, <gen[1].buffer_line/PC_reg> of unit <Reg32BitR> are equivalent, second instance is removed
WARNING:Xst:1989 - Unit <reorder_buffer>: instances <gen[7].buffer_line/Value_reg>, <gen[6].buffer_line/Value_reg> of unit <Reg32BitR> are equivalent, second instance is removed
WARNING:Xst:1989 - Unit <reorder_buffer>: instances <gen[7].buffer_line/Value_reg>, <gen[5].buffer_line/Value_reg> of unit <Reg32BitR> are equivalent, second instance is removed
WARNING:Xst:1989 - Unit <reorder_buffer>: instances <gen[7].buffer_line/Value_reg>, <gen[4].buffer_line/Value_reg> of unit <Reg32BitR> are equivalent, second instance is removed
WARNING:Xst:1989 - Unit <reorder_buffer>: instances <gen[7].buffer_line/Value_reg>, <gen[3].buffer_line/Value_reg> of unit <Reg32BitR> are equivalent, second instance is removed
WARNING:Xst:1989 - Unit <reorder_buffer>: instances <gen[7].buffer_line/Value_reg>, <gen[2].buffer_line/Value_reg> of unit <Reg32BitR> are equivalent, second instance is removed
WARNING:Xst:1989 - Unit <reorder_buffer>: instances <gen[7].buffer_line/Value_reg>, <gen[1].buffer_line/Value_reg> of unit <Reg32BitR> are equivalent, second instance is removed

Optimizing unit <reorder_buffer> ...

Optimizing unit <Reg32BitR> ...
WARNING:Xst:1293 - FF/Latch <gen[0].buffer_line/Value_reg/Reg4BitR7/Reg1BitR0/flipflop0/q> has a constant value of 0 in block <reorder_buffer>. This FF/Latch will be trimmed during the optimization process.
WARNING:Xst:1896 - Due to other FF/Latch trimming, FF/Latch <gen[0].buffer_line/Value_reg/Reg4BitR7/Reg1BitR1/flipflop0/q> has a constant value of 0 in block <reorder_buffer>. This FF/Latch will be trimmed during the optimization process.
WARNING:Xst:1896 - Due to other FF/Latch trimming, FF/Latch <gen[0].buffer_line/Value_reg/Reg4BitR7/Reg1BitR2/flipflop0/q> has a constant value of 0 in block <reorder_buffer>. This FF/Latch will be trimmed during the optimization process.
WARNING:Xst:1896 - Due to other FF/Latch trimming, FF/Latch <gen[0].buffer_line/Value_reg/Reg4BitR7/Reg1BitR3/flipflop0/q> has a constant value of 0 in block <reorder_buffer>. This FF/Latch will be trimmed during the optimization process.
WARNING:Xst:1896 - Due to other FF/Latch trimming, FF/Latch <gen[0].buffer_line/Value_reg/Reg4BitR6/Reg1BitR0/flipflop0/q> has a constant value of 0 in block <reorder_buffer>. This FF/Latch will be trimmed during the optimization process.
WARNING:Xst:1896 - Due to other FF/Latch trimming, FF/Latch <gen[0].buffer_line/Value_reg/Reg4BitR6/Reg1BitR1/flipflop0/q> has a constant value of 0 in block <reorder_buffer>. This FF/Latch will be trimmed during the optimization process.
WARNING:Xst:1896 - Due to other FF/Latch trimming, FF/Latch <gen[0].buffer_line/Value_reg/Reg4BitR6/Reg1BitR2/flipflop0/q> has a constant value of 0 in block <reorder_buffer>. This FF/Latch will be trimmed during the optimization process.
WARNING:Xst:1896 - Due to other FF/Latch trimming, FF/Latch <gen[0].buffer_line/Value_reg/Reg4BitR6/Reg1BitR3/flipflop0/q> has a constant value of 0 in block <reorder_buffer>. This FF/Latch will be trimmed during the optimization process.
WARNING:Xst:1896 - Due to other FF/Latch trimming, FF/Latch <gen[0].buffer_line/Value_reg/Reg4BitR5/Reg1BitR0/flipflop0/q> has a constant value of 0 in block <reorder_buffer>. This FF/Latch will be trimmed during the optimization process.
WARNING:Xst:1896 - Due to other FF/Latch trimming, FF/Latch <gen[0].buffer_line/Value_reg/Reg4BitR5/Reg1BitR1/flipflop0/q> has a constant value of 0 in block <reorder_buffer>. This FF/Latch will be trimmed during the optimization process.
WARNING:Xst:1896 - Due to other FF/Latch trimming, FF/Latch <gen[0].buffer_line/Value_reg/Reg4BitR5/Reg1BitR2/flipflop0/q> has a constant value of 0 in block <reorder_buffer>. This FF/Latch will be trimmed during the optimization process.
WARNING:Xst:1896 - Due to other FF/Latch trimming, FF/Latch <gen[0].buffer_line/Value_reg/Reg4BitR5/Reg1BitR3/flipflop0/q> has a constant value of 0 in block <reorder_buffer>. This FF/Latch will be trimmed during the optimization process.
WARNING:Xst:1896 - Due to other FF/Latch trimming, FF/Latch <gen[0].buffer_line/Value_reg/Reg4BitR4/Reg1BitR0/flipflop0/q> has a constant value of 0 in block <reorder_buffer>. This FF/Latch will be trimmed during the optimization process.
WARNING:Xst:1896 - Due to other FF/Latch trimming, FF/Latch <gen[0].buffer_line/Value_reg/Reg4BitR4/Reg1BitR1/flipflop0/q> has a constant value of 0 in block <reorder_buffer>. This FF/Latch will be trimmed during the optimization process.
WARNING:Xst:1896 - Due to other FF/Latch trimming, FF/Latch <gen[0].buffer_line/Value_reg/Reg4BitR4/Reg1BitR2/flipflop0/q> has a constant value of 0 in block <reorder_buffer>. This FF/Latch will be trimmed during the optimization process.
WARNING:Xst:1896 - Due to other FF/Latch trimming, FF/Latch <gen[0].buffer_line/Value_reg/Reg4BitR4/Reg1BitR3/flipflop0/q> has a constant value of 0 in block <reorder_buffer>. This FF/Latch will be trimmed during the optimization process.
WARNING:Xst:1896 - Due to other FF/Latch trimming, FF/Latch <gen[0].buffer_line/Value_reg/Reg4BitR3/Reg1BitR0/flipflop0/q> has a constant value of 0 in block <reorder_buffer>. This FF/Latch will be trimmed during the optimization process.
WARNING:Xst:1896 - Due to other FF/Latch trimming, FF/Latch <gen[0].buffer_line/Value_reg/Reg4BitR3/Reg1BitR1/flipflop0/q> has a constant value of 0 in block <reorder_buffer>. This FF/Latch will be trimmed during the optimization process.
WARNING:Xst:1896 - Due to other FF/Latch trimming, FF/Latch <gen[0].buffer_line/Value_reg/Reg4BitR3/Reg1BitR2/flipflop0/q> has a constant value of 0 in block <reorder_buffer>. This FF/Latch will be trimmed during the optimization process.
WARNING:Xst:1896 - Due to other FF/Latch trimming, FF/Latch <gen[0].buffer_line/Value_reg/Reg4BitR3/Reg1BitR3/flipflop0/q> has a constant value of 0 in block <reorder_buffer>. This FF/Latch will be trimmed during the optimization process.
WARNING:Xst:1896 - Due to other FF/Latch trimming, FF/Latch <gen[0].buffer_line/Value_reg/Reg4BitR2/Reg1BitR0/flipflop0/q> has a constant value of 0 in block <reorder_buffer>. This FF/Latch will be trimmed during the optimization process.
WARNING:Xst:1896 - Due to other FF/Latch trimming, FF/Latch <gen[0].buffer_line/Value_reg/Reg4BitR2/Reg1BitR1/flipflop0/q> has a constant value of 0 in block <reorder_buffer>. This FF/Latch will be trimmed during the optimization process.
WARNING:Xst:1896 - Due to other FF/Latch trimming, FF/Latch <gen[0].buffer_line/Value_reg/Reg4BitR2/Reg1BitR2/flipflop0/q> has a constant value of 0 in block <reorder_buffer>. This FF/Latch will be trimmed during the optimization process.
WARNING:Xst:1896 - Due to other FF/Latch trimming, FF/Latch <gen[0].buffer_line/Value_reg/Reg4BitR2/Reg1BitR3/flipflop0/q> has a constant value of 0 in block <reorder_buffer>. This FF/Latch will be trimmed during the optimization process.
WARNING:Xst:1896 - Due to other FF/Latch trimming, FF/Latch <gen[0].buffer_line/Value_reg/Reg4BitR1/Reg1BitR0/flipflop0/q> has a constant value of 0 in block <reorder_buffer>. This FF/Latch will be trimmed during the optimization process.
WARNING:Xst:1896 - Due to other FF/Latch trimming, FF/Latch <gen[0].buffer_line/Value_reg/Reg4BitR1/Reg1BitR1/flipflop0/q> has a constant value of 0 in block <reorder_buffer>. This FF/Latch will be trimmed during the optimization process.
WARNING:Xst:1896 - Due to other FF/Latch trimming, FF/Latch <gen[0].buffer_line/Value_reg/Reg4BitR1/Reg1BitR2/flipflop0/q> has a constant value of 0 in block <reorder_buffer>. This FF/Latch will be trimmed during the optimization process.
WARNING:Xst:1896 - Due to other FF/Latch trimming, FF/Latch <gen[0].buffer_line/Value_reg/Reg4BitR1/Reg1BitR3/flipflop0/q> has a constant value of 0 in block <reorder_buffer>. This FF/Latch will be trimmed during the optimization process.
WARNING:Xst:1896 - Due to other FF/Latch trimming, FF/Latch <gen[0].buffer_line/Value_reg/Reg4BitR0/Reg1BitR0/flipflop0/q> has a constant value of 0 in block <reorder_buffer>. This FF/Latch will be trimmed during the optimization process.
WARNING:Xst:1896 - Due to other FF/Latch trimming, FF/Latch <gen[0].buffer_line/Value_reg/Reg4BitR0/Reg1BitR1/flipflop0/q> has a constant value of 0 in block <reorder_buffer>. This FF/Latch will be trimmed during the optimization process.
WARNING:Xst:1896 - Due to other FF/Latch trimming, FF/Latch <gen[0].buffer_line/Value_reg/Reg4BitR0/Reg1BitR2/flipflop0/q> has a constant value of 0 in block <reorder_buffer>. This FF/Latch will be trimmed during the optimization process.
WARNING:Xst:1896 - Due to other FF/Latch trimming, FF/Latch <gen[0].buffer_line/Value_reg/Reg4BitR0/Reg1BitR3/flipflop0/q> has a constant value of 0 in block <reorder_buffer>. This FF/Latch will be trimmed during the optimization process.
WARNING:Xst:1896 - Due to other FF/Latch trimming, FF/Latch <gen[0].buffer_line/PC_reg/Reg4BitR7/Reg1BitR0/flipflop0/q> has a constant value of 0 in block <reorder_buffer>. This FF/Latch will be trimmed during the optimization process.
WARNING:Xst:1896 - Due to other FF/Latch trimming, FF/Latch <gen[0].buffer_line/PC_reg/Reg4BitR7/Reg1BitR1/flipflop0/q> has a constant value of 0 in block <reorder_buffer>. This FF/Latch will be trimmed during the optimization process.
WARNING:Xst:1896 - Due to other FF/Latch trimming, FF/Latch <gen[0].buffer_line/PC_reg/Reg4BitR7/Reg1BitR2/flipflop0/q> has a constant value of 0 in block <reorder_buffer>. This FF/Latch will be trimmed during the optimization process.
WARNING:Xst:1896 - Due to other FF/Latch trimming, FF/Latch <gen[0].buffer_line/PC_reg/Reg4BitR7/Reg1BitR3/flipflop0/q> has a constant value of 0 in block <reorder_buffer>. This FF/Latch will be trimmed during the optimization process.
WARNING:Xst:1896 - Due to other FF/Latch trimming, FF/Latch <gen[0].buffer_line/PC_reg/Reg4BitR6/Reg1BitR0/flipflop0/q> has a constant value of 0 in block <reorder_buffer>. This FF/Latch will be trimmed during the optimization process.
WARNING:Xst:1896 - Due to other FF/Latch trimming, FF/Latch <gen[0].buffer_line/PC_reg/Reg4BitR6/Reg1BitR1/flipflop0/q> has a constant value of 0 in block <reorder_buffer>. This FF/Latch will be trimmed during the optimization process.
WARNING:Xst:1896 - Due to other FF/Latch trimming, FF/Latch <gen[0].buffer_line/PC_reg/Reg4BitR6/Reg1BitR2/flipflop0/q> has a constant value of 0 in block <reorder_buffer>. This FF/Latch will be trimmed during the optimization process.
WARNING:Xst:1896 - Due to other FF/Latch trimming, FF/Latch <gen[0].buffer_line/PC_reg/Reg4BitR6/Reg1BitR3/flipflop0/q> has a constant value of 0 in block <reorder_buffer>. This FF/Latch will be trimmed during the optimization process.
WARNING:Xst:1896 - Due to other FF/Latch trimming, FF/Latch <gen[0].buffer_line/PC_reg/Reg4BitR5/Reg1BitR0/flipflop0/q> has a constant value of 0 in block <reorder_buffer>. This FF/Latch will be trimmed during the optimization process.
WARNING:Xst:1896 - Due to other FF/Latch trimming, FF/Latch <gen[0].buffer_line/PC_reg/Reg4BitR5/Reg1BitR1/flipflop0/q> has a constant value of 0 in block <reorder_buffer>. This FF/Latch will be trimmed during the optimization process.
WARNING:Xst:1896 - Due to other FF/Latch trimming, FF/Latch <gen[0].buffer_line/PC_reg/Reg4BitR5/Reg1BitR2/flipflop0/q> has a constant value of 0 in block <reorder_buffer>. This FF/Latch will be trimmed during the optimization process.
WARNING:Xst:1896 - Due to other FF/Latch trimming, FF/Latch <gen[0].buffer_line/PC_reg/Reg4BitR5/Reg1BitR3/flipflop0/q> has a constant value of 0 in block <reorder_buffer>. This FF/Latch will be trimmed during the optimization process.
WARNING:Xst:1896 - Due to other FF/Latch trimming, FF/Latch <gen[0].buffer_line/PC_reg/Reg4BitR4/Reg1BitR0/flipflop0/q> has a constant value of 0 in block <reorder_buffer>. This FF/Latch will be trimmed during the optimization process.
WARNING:Xst:1896 - Due to other FF/Latch trimming, FF/Latch <gen[0].buffer_line/PC_reg/Reg4BitR4/Reg1BitR1/flipflop0/q> has a constant value of 0 in block <reorder_buffer>. This FF/Latch will be trimmed during the optimization process.
WARNING:Xst:1896 - Due to other FF/Latch trimming, FF/Latch <gen[0].buffer_line/PC_reg/Reg4BitR4/Reg1BitR2/flipflop0/q> has a constant value of 0 in block <reorder_buffer>. This FF/Latch will be trimmed during the optimization process.
WARNING:Xst:1896 - Due to other FF/Latch trimming, FF/Latch <gen[0].buffer_line/PC_reg/Reg4BitR4/Reg1BitR3/flipflop0/q> has a constant value of 0 in block <reorder_buffer>. This FF/Latch will be trimmed during the optimization process.
WARNING:Xst:1896 - Due to other FF/Latch trimming, FF/Latch <gen[0].buffer_line/PC_reg/Reg4BitR3/Reg1BitR0/flipflop0/q> has a constant value of 0 in block <reorder_buffer>. This FF/Latch will be trimmed during the optimization process.
WARNING:Xst:1896 - Due to other FF/Latch trimming, FF/Latch <gen[0].buffer_line/PC_reg/Reg4BitR3/Reg1BitR1/flipflop0/q> has a constant value of 0 in block <reorder_buffer>. This FF/Latch will be trimmed during the optimization process.
WARNING:Xst:1896 - Due to other FF/Latch trimming, FF/Latch <gen[0].buffer_line/PC_reg/Reg4BitR3/Reg1BitR2/flipflop0/q> has a constant value of 0 in block <reorder_buffer>. This FF/Latch will be trimmed during the optimization process.
WARNING:Xst:1896 - Due to other FF/Latch trimming, FF/Latch <gen[0].buffer_line/PC_reg/Reg4BitR3/Reg1BitR3/flipflop0/q> has a constant value of 0 in block <reorder_buffer>. This FF/Latch will be trimmed during the optimization process.
WARNING:Xst:1896 - Due to other FF/Latch trimming, FF/Latch <gen[0].buffer_line/PC_reg/Reg4BitR2/Reg1BitR0/flipflop0/q> has a constant value of 0 in block <reorder_buffer>. This FF/Latch will be trimmed during the optimization process.
WARNING:Xst:1896 - Due to other FF/Latch trimming, FF/Latch <gen[0].buffer_line/PC_reg/Reg4BitR2/Reg1BitR1/flipflop0/q> has a constant value of 0 in block <reorder_buffer>. This FF/Latch will be trimmed during the optimization process.
WARNING:Xst:1896 - Due to other FF/Latch trimming, FF/Latch <gen[0].buffer_line/PC_reg/Reg4BitR2/Reg1BitR2/flipflop0/q> has a constant value of 0 in block <reorder_buffer>. This FF/Latch will be trimmed during the optimization process.
WARNING:Xst:1896 - Due to other FF/Latch trimming, FF/Latch <gen[0].buffer_line/PC_reg/Reg4BitR2/Reg1BitR3/flipflop0/q> has a constant value of 0 in block <reorder_buffer>. This FF/Latch will be trimmed during the optimization process.
WARNING:Xst:1896 - Due to other FF/Latch trimming, FF/Latch <gen[0].buffer_line/PC_reg/Reg4BitR1/Reg1BitR0/flipflop0/q> has a constant value of 0 in block <reorder_buffer>. This FF/Latch will be trimmed during the optimization process.
WARNING:Xst:1896 - Due to other FF/Latch trimming, FF/Latch <gen[0].buffer_line/PC_reg/Reg4BitR1/Reg1BitR1/flipflop0/q> has a constant value of 0 in block <reorder_buffer>. This FF/Latch will be trimmed during the optimization process.
WARNING:Xst:1896 - Due to other FF/Latch trimming, FF/Latch <gen[0].buffer_line/PC_reg/Reg4BitR1/Reg1BitR2/flipflop0/q> has a constant value of 0 in block <reorder_buffer>. This FF/Latch will be trimmed during the optimization process.
WARNING:Xst:1896 - Due to other FF/Latch trimming, FF/Latch <gen[0].buffer_line/PC_reg/Reg4BitR1/Reg1BitR3/flipflop0/q> has a constant value of 0 in block <reorder_buffer>. This FF/Latch will be trimmed during the optimization process.
WARNING:Xst:1896 - Due to other FF/Latch trimming, FF/Latch <gen[0].buffer_line/PC_reg/Reg4BitR0/Reg1BitR0/flipflop0/q> has a constant value of 0 in block <reorder_buffer>. This FF/Latch will be trimmed during the optimization process.
WARNING:Xst:1896 - Due to other FF/Latch trimming, FF/Latch <gen[0].buffer_line/PC_reg/Reg4BitR0/Reg1BitR1/flipflop0/q> has a constant value of 0 in block <reorder_buffer>. This FF/Latch will be trimmed during the optimization process.
WARNING:Xst:1896 - Due to other FF/Latch trimming, FF/Latch <gen[0].buffer_line/PC_reg/Reg4BitR0/Reg1BitR2/flipflop0/q> has a constant value of 0 in block <reorder_buffer>. This FF/Latch will be trimmed during the optimization process.
WARNING:Xst:1896 - Due to other FF/Latch trimming, FF/Latch <gen[0].buffer_line/PC_reg/Reg4BitR0/Reg1BitR3/flipflop0/q> has a constant value of 0 in block <reorder_buffer>. This FF/Latch will be trimmed during the optimization process.
WARNING:Xst:2677 - Node <gen[7].buffer_line/PC_reg/Reg4BitR7/Reg1BitR0/flipflop0/q> of sequential type is unconnected in block <reorder_buffer>.
WARNING:Xst:2677 - Node <gen[7].buffer_line/PC_reg/Reg4BitR7/Reg1BitR1/flipflop0/q> of sequential type is unconnected in block <reorder_buffer>.
WARNING:Xst:2677 - Node <gen[7].buffer_line/PC_reg/Reg4BitR7/Reg1BitR2/flipflop0/q> of sequential type is unconnected in block <reorder_buffer>.
WARNING:Xst:2677 - Node <gen[7].buffer_line/PC_reg/Reg4BitR7/Reg1BitR3/flipflop0/q> of sequential type is unconnected in block <reorder_buffer>.
WARNING:Xst:2677 - Node <gen[7].buffer_line/PC_reg/Reg4BitR6/Reg1BitR0/flipflop0/q> of sequential type is unconnected in block <reorder_buffer>.
WARNING:Xst:2677 - Node <gen[7].buffer_line/PC_reg/Reg4BitR6/Reg1BitR1/flipflop0/q> of sequential type is unconnected in block <reorder_buffer>.
WARNING:Xst:2677 - Node <gen[7].buffer_line/PC_reg/Reg4BitR6/Reg1BitR2/flipflop0/q> of sequential type is unconnected in block <reorder_buffer>.
WARNING:Xst:2677 - Node <gen[7].buffer_line/PC_reg/Reg4BitR6/Reg1BitR3/flipflop0/q> of sequential type is unconnected in block <reorder_buffer>.
WARNING:Xst:2677 - Node <gen[7].buffer_line/PC_reg/Reg4BitR5/Reg1BitR0/flipflop0/q> of sequential type is unconnected in block <reorder_buffer>.
WARNING:Xst:2677 - Node <gen[7].buffer_line/PC_reg/Reg4BitR5/Reg1BitR1/flipflop0/q> of sequential type is unconnected in block <reorder_buffer>.
WARNING:Xst:2677 - Node <gen[7].buffer_line/PC_reg/Reg4BitR5/Reg1BitR2/flipflop0/q> of sequential type is unconnected in block <reorder_buffer>.
WARNING:Xst:2677 - Node <gen[7].buffer_line/PC_reg/Reg4BitR5/Reg1BitR3/flipflop0/q> of sequential type is unconnected in block <reorder_buffer>.
WARNING:Xst:2677 - Node <gen[7].buffer_line/PC_reg/Reg4BitR4/Reg1BitR0/flipflop0/q> of sequential type is unconnected in block <reorder_buffer>.
WARNING:Xst:2677 - Node <gen[7].buffer_line/PC_reg/Reg4BitR4/Reg1BitR1/flipflop0/q> of sequential type is unconnected in block <reorder_buffer>.
WARNING:Xst:2677 - Node <gen[7].buffer_line/PC_reg/Reg4BitR4/Reg1BitR2/flipflop0/q> of sequential type is unconnected in block <reorder_buffer>.
WARNING:Xst:2677 - Node <gen[7].buffer_line/PC_reg/Reg4BitR4/Reg1BitR3/flipflop0/q> of sequential type is unconnected in block <reorder_buffer>.
WARNING:Xst:2677 - Node <gen[7].buffer_line/PC_reg/Reg4BitR3/Reg1BitR0/flipflop0/q> of sequential type is unconnected in block <reorder_buffer>.
WARNING:Xst:2677 - Node <gen[7].buffer_line/PC_reg/Reg4BitR3/Reg1BitR1/flipflop0/q> of sequential type is unconnected in block <reorder_buffer>.
WARNING:Xst:2677 - Node <gen[7].buffer_line/PC_reg/Reg4BitR3/Reg1BitR2/flipflop0/q> of sequential type is unconnected in block <reorder_buffer>.
WARNING:Xst:2677 - Node <gen[7].buffer_line/PC_reg/Reg4BitR3/Reg1BitR3/flipflop0/q> of sequential type is unconnected in block <reorder_buffer>.
WARNING:Xst:2677 - Node <gen[7].buffer_line/PC_reg/Reg4BitR2/Reg1BitR0/flipflop0/q> of sequential type is unconnected in block <reorder_buffer>.
WARNING:Xst:2677 - Node <gen[7].buffer_line/PC_reg/Reg4BitR2/Reg1BitR1/flipflop0/q> of sequential type is unconnected in block <reorder_buffer>.
WARNING:Xst:2677 - Node <gen[7].buffer_line/PC_reg/Reg4BitR2/Reg1BitR2/flipflop0/q> of sequential type is unconnected in block <reorder_buffer>.
WARNING:Xst:2677 - Node <gen[7].buffer_line/PC_reg/Reg4BitR2/Reg1BitR3/flipflop0/q> of sequential type is unconnected in block <reorder_buffer>.
WARNING:Xst:2677 - Node <gen[7].buffer_line/PC_reg/Reg4BitR1/Reg1BitR0/flipflop0/q> of sequential type is unconnected in block <reorder_buffer>.
WARNING:Xst:2677 - Node <gen[7].buffer_line/PC_reg/Reg4BitR1/Reg1BitR1/flipflop0/q> of sequential type is unconnected in block <reorder_buffer>.
WARNING:Xst:2677 - Node <gen[7].buffer_line/PC_reg/Reg4BitR1/Reg1BitR2/flipflop0/q> of sequential type is unconnected in block <reorder_buffer>.
WARNING:Xst:2677 - Node <gen[7].buffer_line/PC_reg/Reg4BitR1/Reg1BitR3/flipflop0/q> of sequential type is unconnected in block <reorder_buffer>.
WARNING:Xst:2677 - Node <gen[7].buffer_line/PC_reg/Reg4BitR0/Reg1BitR0/flipflop0/q> of sequential type is unconnected in block <reorder_buffer>.
WARNING:Xst:2677 - Node <gen[7].buffer_line/PC_reg/Reg4BitR0/Reg1BitR1/flipflop0/q> of sequential type is unconnected in block <reorder_buffer>.
WARNING:Xst:2677 - Node <gen[7].buffer_line/PC_reg/Reg4BitR0/Reg1BitR2/flipflop0/q> of sequential type is unconnected in block <reorder_buffer>.
WARNING:Xst:2677 - Node <gen[7].buffer_line/PC_reg/Reg4BitR0/Reg1BitR3/flipflop0/q> of sequential type is unconnected in block <reorder_buffer>.
WARNING:Xst:2677 - Node <gen[7].buffer_line/Value_reg/Reg4BitR7/Reg1BitR0/flipflop0/q> of sequential type is unconnected in block <reorder_buffer>.
WARNING:Xst:2677 - Node <gen[7].buffer_line/Value_reg/Reg4BitR7/Reg1BitR1/flipflop0/q> of sequential type is unconnected in block <reorder_buffer>.
WARNING:Xst:2677 - Node <gen[7].buffer_line/Value_reg/Reg4BitR7/Reg1BitR2/flipflop0/q> of sequential type is unconnected in block <reorder_buffer>.
WARNING:Xst:2677 - Node <gen[7].buffer_line/Value_reg/Reg4BitR7/Reg1BitR3/flipflop0/q> of sequential type is unconnected in block <reorder_buffer>.
WARNING:Xst:2677 - Node <gen[7].buffer_line/Value_reg/Reg4BitR6/Reg1BitR0/flipflop0/q> of sequential type is unconnected in block <reorder_buffer>.
WARNING:Xst:2677 - Node <gen[7].buffer_line/Value_reg/Reg4BitR6/Reg1BitR1/flipflop0/q> of sequential type is unconnected in block <reorder_buffer>.
WARNING:Xst:2677 - Node <gen[7].buffer_line/Value_reg/Reg4BitR6/Reg1BitR2/flipflop0/q> of sequential type is unconnected in block <reorder_buffer>.
WARNING:Xst:2677 - Node <gen[7].buffer_line/Value_reg/Reg4BitR6/Reg1BitR3/flipflop0/q> of sequential type is unconnected in block <reorder_buffer>.
WARNING:Xst:2677 - Node <gen[7].buffer_line/Value_reg/Reg4BitR5/Reg1BitR0/flipflop0/q> of sequential type is unconnected in block <reorder_buffer>.
WARNING:Xst:2677 - Node <gen[7].buffer_line/Value_reg/Reg4BitR5/Reg1BitR1/flipflop0/q> of sequential type is unconnected in block <reorder_buffer>.
WARNING:Xst:2677 - Node <gen[7].buffer_line/Value_reg/Reg4BitR5/Reg1BitR2/flipflop0/q> of sequential type is unconnected in block <reorder_buffer>.
WARNING:Xst:2677 - Node <gen[7].buffer_line/Value_reg/Reg4BitR5/Reg1BitR3/flipflop0/q> of sequential type is unconnected in block <reorder_buffer>.
WARNING:Xst:2677 - Node <gen[7].buffer_line/Value_reg/Reg4BitR4/Reg1BitR0/flipflop0/q> of sequential type is unconnected in block <reorder_buffer>.
WARNING:Xst:2677 - Node <gen[7].buffer_line/Value_reg/Reg4BitR4/Reg1BitR1/flipflop0/q> of sequential type is unconnected in block <reorder_buffer>.
WARNING:Xst:2677 - Node <gen[7].buffer_line/Value_reg/Reg4BitR4/Reg1BitR2/flipflop0/q> of sequential type is unconnected in block <reorder_buffer>.
WARNING:Xst:2677 - Node <gen[7].buffer_line/Value_reg/Reg4BitR4/Reg1BitR3/flipflop0/q> of sequential type is unconnected in block <reorder_buffer>.
WARNING:Xst:2677 - Node <gen[7].buffer_line/Value_reg/Reg4BitR3/Reg1BitR0/flipflop0/q> of sequential type is unconnected in block <reorder_buffer>.
WARNING:Xst:2677 - Node <gen[7].buffer_line/Value_reg/Reg4BitR3/Reg1BitR1/flipflop0/q> of sequential type is unconnected in block <reorder_buffer>.
WARNING:Xst:2677 - Node <gen[7].buffer_line/Value_reg/Reg4BitR3/Reg1BitR2/flipflop0/q> of sequential type is unconnected in block <reorder_buffer>.
WARNING:Xst:2677 - Node <gen[7].buffer_line/Value_reg/Reg4BitR3/Reg1BitR3/flipflop0/q> of sequential type is unconnected in block <reorder_buffer>.
WARNING:Xst:2677 - Node <gen[7].buffer_line/Value_reg/Reg4BitR2/Reg1BitR0/flipflop0/q> of sequential type is unconnected in block <reorder_buffer>.
WARNING:Xst:2677 - Node <gen[7].buffer_line/Value_reg/Reg4BitR2/Reg1BitR1/flipflop0/q> of sequential type is unconnected in block <reorder_buffer>.
WARNING:Xst:2677 - Node <gen[7].buffer_line/Value_reg/Reg4BitR2/Reg1BitR2/flipflop0/q> of sequential type is unconnected in block <reorder_buffer>.
WARNING:Xst:2677 - Node <gen[7].buffer_line/Value_reg/Reg4BitR2/Reg1BitR3/flipflop0/q> of sequential type is unconnected in block <reorder_buffer>.
WARNING:Xst:2677 - Node <gen[7].buffer_line/Value_reg/Reg4BitR1/Reg1BitR0/flipflop0/q> of sequential type is unconnected in block <reorder_buffer>.
WARNING:Xst:2677 - Node <gen[7].buffer_line/Value_reg/Reg4BitR1/Reg1BitR1/flipflop0/q> of sequential type is unconnected in block <reorder_buffer>.
WARNING:Xst:2677 - Node <gen[7].buffer_line/Value_reg/Reg4BitR1/Reg1BitR2/flipflop0/q> of sequential type is unconnected in block <reorder_buffer>.
WARNING:Xst:2677 - Node <gen[7].buffer_line/Value_reg/Reg4BitR1/Reg1BitR3/flipflop0/q> of sequential type is unconnected in block <reorder_buffer>.
WARNING:Xst:2677 - Node <gen[7].buffer_line/Value_reg/Reg4BitR0/Reg1BitR0/flipflop0/q> of sequential type is unconnected in block <reorder_buffer>.
WARNING:Xst:2677 - Node <gen[7].buffer_line/Value_reg/Reg4BitR0/Reg1BitR1/flipflop0/q> of sequential type is unconnected in block <reorder_buffer>.
WARNING:Xst:2677 - Node <gen[7].buffer_line/Value_reg/Reg4BitR0/Reg1BitR2/flipflop0/q> of sequential type is unconnected in block <reorder_buffer>.
WARNING:Xst:2677 - Node <gen[7].buffer_line/Value_reg/Reg4BitR0/Reg1BitR3/flipflop0/q> of sequential type is unconnected in block <reorder_buffer>.

Mapping all equations...
Building and optimizing final netlist ...
Found area constraint ratio of 100 (+ 5) on block reorder_buffer, actual ratio is 0.

Final Macro Processing ...

=========================================================================
Final Register Report

Found no macro
=========================================================================

=========================================================================
*                           Partition Report                            *
=========================================================================

Partition Implementation Status
-------------------------------

  No Partitions were found in this design.

-------------------------------

=========================================================================
*                            Final Report                               *
=========================================================================
Final Results
RTL Top Level Output File Name     : reorder_buffer.ngr
Top Level Output File Name         : reorder_buffer
Output Format                      : NGC
Optimization Goal                  : Speed
Keep Hierarchy                     : No

Design Statistics
# IOs                              : 237

Cell Usage :
# BELS                             : 2
#      GND                         : 1
#      VCC                         : 1
# IO Buffers                       : 148
#      OBUF                        : 148
=========================================================================

Device utilization summary:
---------------------------

Selected Device : 3s1600efg320-5 

 Number of Slices:                        0  out of  14752     0%  
 Number of IOs:                         237
 Number of bonded IOBs:                 148  out of    250    59%  

---------------------------
Partition Resource Summary:
---------------------------

  No Partitions were found in this design.

---------------------------


=========================================================================
TIMING REPORT

NOTE: THESE TIMING NUMBERS ARE ONLY A SYNTHESIS ESTIMATE.
      FOR ACCURATE TIMING INFORMATION PLEASE REFER TO THE TRACE REPORT
      GENERATED AFTER PLACE-and-ROUTE.

Clock Information:
------------------
No clock signals found in this design

Asynchronous Control Signals Information:
----------------------------------------
No asynchronous control signals found in this design

Timing Summary:
---------------
Speed Grade: -5

   Minimum period: No path found
   Minimum input arrival time before clock: No path found
   Maximum output required time after clock: No path found
   Maximum combinational path delay: No path found

Timing Detail:
--------------
All values displayed in nanoseconds (ns)

=========================================================================


Total REAL time to Xst completion: 10.00 secs
Total CPU time to Xst completion: 10.26 secs
 
--> 

Total memory usage is 286124 kilobytes

Number of errors   :    0 (   0 filtered)
Number of warnings :  265 (   0 filtered)
Number of infos    :    1 (   0 filtered)

