Command line:
   buffer_line_isim_beh.exe
     -simmode  gui
     -simrunnum  0
     -socket  50640

Fri Dec 14 16:32:52 2018


 Elaboration Time: 0.046801 sec

 Current Memory Usage: 509.493 Meg

 Total Signals          : 1244
 Total Nets             : 376
 Total Signal Drivers   : 234
 Total Blocks           : 243
 Total Primitive Blocks : 149
 Total Processes        : 234
 Total Traceable Variables  : 8
 Total Scalar Nets and Variables : 736
Total Line Count : 308

 Total Simulation Time: 0.046801 sec

 Current Memory Usage: 509.493 Meg

Fri Dec 14 16:32:58 2018

